<?xml version="1.0" encoding="UTF-8"?>
<testng-results ignored="0" total="1" passed="1" failed="0" skipped="0">
  <reporter-output>
  </reporter-output>
  <suite started-at="2024-01-13T13:07:00 IST" name="Default suite" finished-at="2024-01-13T13:07:09 IST" duration-ms="8699">
    <groups>
    </groups>
    <test started-at="2024-01-13T13:07:00 IST" name="Default test" finished-at="2024-01-13T13:07:09 IST" duration-ms="8699">
      <class name="test.programs.Practise">
        <test-method signature="sample()[pri:0, instance:test.programs.Practise@3ba987b8]" started-at="2024-01-13T13:07:00 IST" name="sample" finished-at="2024-01-13T13:07:09 IST" duration-ms="8592" status="PASS">
          <reporter-output>
          </reporter-output>
        </test-method> <!-- sample -->
      </class> <!-- test.programs.Practise -->
    </test> <!-- Default test -->
  </suite> <!-- Default suite -->
</testng-results>
